<?xml version="1.0" encoding="UTF-8"?>
<coverage generated="1784368697709" clover="3.2.0">
  <project timestamp="1784368697709" name="All files">
    <metrics statements="33" coveredstatements="33" conditionals="25" coveredconditionals="25" methods="10" coveredmethods="10" elements="68" coveredelements="68" complexity="0" loc="33" ncloc="33" packages="1" files="1" classes="1"/>
    <file name="middleware-guard.ts" path="D:\PhapChe\src\lib\security\middleware-guard.ts">
      <metrics statements="33" coveredstatements="33" conditionals="25" coveredconditionals="25" methods="10" coveredmethods="10"/>
      <line num="16" count="1" type="stmt"/>
      <line num="35" count="1" type="stmt"/>
      <line num="49" count="1" type="stmt"/>
      <line num="57" count="24" type="stmt"/>
      <line num="58" count="24" type="stmt"/>
      <line num="59" count="24" type="stmt"/>
      <line num="61" count="24" type="cond" truecount="5" falsecount="0"/>
      <line num="62" count="2" type="stmt"/>
      <line num="65" count="22" type="stmt"/>
      <line num="72" count="187" type="cond" truecount="2" falsecount="0"/>
      <line num="79" count="22" type="cond" truecount="2" falsecount="0"/>
      <line num="80" count="21" type="stmt"/>
      <line num="89" count="51" type="stmt"/>
      <line num="91" count="102" type="stmt"/>
      <line num="92" count="51" type="cond" truecount="2" falsecount="0"/>
      <line num="93" count="46" type="cond" truecount="2" falsecount="0"/>
      <line num="100" count="19" type="cond" truecount="2" falsecount="0"/>
      <line num="107" count="26" type="stmt"/>
      <line num="116" count="29" type="cond" truecount="2" falsecount="0"/>
      <line num="117" count="5" type="stmt"/>
      <line num="121" count="24" type="stmt"/>
      <line num="122" count="24" type="cond" truecount="2" falsecount="0"/>
      <line num="123" count="2" type="stmt"/>
      <line num="127" count="22" type="cond" truecount="2" falsecount="0"/>
      <line num="129" count="3" type="stmt"/>
      <line num="132" count="19" type="stmt"/>
      <line num="133" count="19" type="stmt"/>
      <line num="136" count="19" type="cond" truecount="2" falsecount="0"/>
      <line num="137" count="1" type="stmt"/>
      <line num="138" count="1" type="stmt"/>
      <line num="141" count="18" type="cond" truecount="2" falsecount="0"/>
      <line num="142" count="4" type="stmt"/>
      <line num="145" count="14" type="stmt"/>
    </file>
  </project>
</coverage>
