{"D:\\PhapChe\\src\\lib\\security\\middleware-guard.ts": {"path":"D:\\PhapChe\\src\\lib\\security\\middleware-guard.ts","statementMap":{"0":{"start":{"line":16,"column":70},"end":{"line":29,"column":null}},"1":{"start":{"line":35,"column":29},"end":{"line":43,"column":null}},"2":{"start":{"line":49,"column":49},"end":{"line":51,"column":null}},"3":{"start":{"line":57,"column":19},"end":{"line":57,"column":null}},"4":{"start":{"line":58,"column":2},"end":{"line":64,"column":null}},"5":{"start":{"line":59,"column":24},"end":{"line":59,"column":null}},"6":{"start":{"line":61,"column":4},"end":{"line":63,"column":null}},"7":{"start":{"line":62,"column":6},"end":{"line":62,"column":null}},"8":{"start":{"line":65,"column":2},"end":{"line":65,"column":null}},"9":{"start":{"line":72,"column":2},"end":{"line":72,"column":null}},"10":{"start":{"line":72,"column":40},"end":{"line":72,"column":86}},"11":{"start":{"line":79,"column":2},"end":{"line":79,"column":null}},"12":{"start":{"line":79,"column":30},"end":{"line":79,"column":null}},"13":{"start":{"line":80,"column":2},"end":{"line":80,"column":null}},"14":{"start":{"line":80,"column":29},"end":{"line":80,"column":53}},"15":{"start":{"line":89,"column":19},"end":{"line":89,"column":null}},"16":{"start":{"line":91,"column":19},"end":{"line":91,"column":null}},"17":{"start":{"line":91,"column":43},"end":{"line":91,"column":56}},"18":{"start":{"line":92,"column":2},"end":{"line":92,"column":null}},"19":{"start":{"line":92,"column":23},"end":{"line":92,"column":null}},"20":{"start":{"line":93,"column":2},"end":{"line":93,"column":null}},"21":{"start":{"line":100,"column":2},"end":{"line":100,"column":null}},"22":{"start":{"line":107,"column":2},"end":{"line":107,"column":null}},"23":{"start":{"line":116,"column":2},"end":{"line":118,"column":null}},"24":{"start":{"line":117,"column":4},"end":{"line":117,"column":null}},"25":{"start":{"line":121,"column":25},"end":{"line":121,"column":null}},"26":{"start":{"line":122,"column":2},"end":{"line":124,"column":null}},"27":{"start":{"line":123,"column":4},"end":{"line":123,"column":null}},"28":{"start":{"line":127,"column":2},"end":{"line":130,"column":null}},"29":{"start":{"line":129,"column":4},"end":{"line":129,"column":null}},"30":{"start":{"line":132,"column":21},"end":{"line":132,"column":null}},"31":{"start":{"line":133,"column":24},"end":{"line":133,"column":null}},"32":{"start":{"line":136,"column":2},"end":{"line":139,"column":null}},"33":{"start":{"line":137,"column":4},"end":{"line":137,"column":null}},"34":{"start":{"line":138,"column":4},"end":{"line":138,"column":null}},"35":{"start":{"line":141,"column":2},"end":{"line":143,"column":null}},"36":{"start":{"line":142,"column":4},"end":{"line":142,"column":null}},"37":{"start":{"line":145,"column":2},"end":{"line":145,"column":null}}},"fnMap":{"0":{"name":"checkLegacyRedirect","decl":{"start":{"line":56,"column":9},"end":{"line":56,"column":29}},"loc":{"start":{"line":56,"column":62},"end":{"line":66,"column":null}},"line":56},"1":{"name":"isPublicPath","decl":{"start":{"line":71,"column":9},"end":{"line":71,"column":22}},"loc":{"start":{"line":71,"column":49},"end":{"line":73,"column":null}},"line":71},"2":{"name":"(anonymous_2)","decl":{"start":{"line":72,"column":30},"end":{"line":72,"column":35}},"loc":{"start":{"line":72,"column":40},"end":{"line":72,"column":86}},"line":72},"3":{"name":"hasAnyRole","decl":{"start":{"line":78,"column":16},"end":{"line":78,"column":27}},"loc":{"start":{"line":78,"column":91},"end":{"line":81,"column":null}},"line":78},"4":{"name":"(anonymous_4)","decl":{"start":{"line":80,"column":19},"end":{"line":80,"column":24}},"loc":{"start":{"line":80,"column":29},"end":{"line":80,"column":53}},"line":80},"5":{"name":"extractAdminRoute","decl":{"start":{"line":88,"column":16},"end":{"line":88,"column":34}},"loc":{"start":{"line":88,"column":67},"end":{"line":94,"column":null}},"line":88},"6":{"name":"(anonymous_6)","decl":{"start":{"line":91,"column":28},"end":{"line":91,"column":38}},"loc":{"start":{"line":91,"column":43},"end":{"line":91,"column":56}},"line":91},"7":{"name":"getRequiredRoles","decl":{"start":{"line":99,"column":16},"end":{"line":99,"column":33}},"loc":{"start":{"line":99,"column":80},"end":{"line":101,"column":null}},"line":99},"8":{"name":"isAdminPath","decl":{"start":{"line":106,"column":16},"end":{"line":106,"column":28}},"loc":{"start":{"line":106,"column":55},"end":{"line":108,"column":null}},"line":106},"9":{"name":"checkRouteAccess","decl":{"start":{"line":114,"column":16},"end":{"line":114,"column":33}},"loc":{"start":{"line":114,"column":129},"end":{"line":146,"column":null}},"line":114}},"branchMap":{"0":{"loc":{"start":{"line":61,"column":4},"end":{"line":63,"column":null}},"type":"if","locations":[{"start":{"line":61,"column":4},"end":{"line":63,"column":null}},{"start":{},"end":{}}],"line":61},"1":{"loc":{"start":{"line":61,"column":8},"end":{"line":61,"column":92}},"type":"binary-expr","locations":[{"start":{"line":61,"column":8},"end":{"line":61,"column":36}},{"start":{"line":61,"column":36},"end":{"line":61,"column":60}},{"start":{"line":61,"column":60},"end":{"line":61,"column":92}}],"line":61},"2":{"loc":{"start":{"line":72,"column":40},"end":{"line":72,"column":86}},"type":"binary-expr","locations":[{"start":{"line":72,"column":40},"end":{"line":72,"column":66}},{"start":{"line":72,"column":66},"end":{"line":72,"column":86}}],"line":72},"3":{"loc":{"start":{"line":79,"column":2},"end":{"line":79,"column":null}},"type":"if","locations":[{"start":{"line":79,"column":2},"end":{"line":79,"column":null}},{"start":{},"end":{}}],"line":79},"4":{"loc":{"start":{"line":92,"column":2},"end":{"line":92,"column":null}},"type":"if","locations":[{"start":{"line":92,"column":2},"end":{"line":92,"column":null}},{"start":{},"end":{}}],"line":92},"5":{"loc":{"start":{"line":93,"column":9},"end":{"line":93,"column":null}},"type":"binary-expr","locations":[{"start":{"line":93,"column":9},"end":{"line":93,"column":35}},{"start":{"line":93,"column":35},"end":{"line":93,"column":null}}],"line":93},"6":{"loc":{"start":{"line":100,"column":10},"end":{"line":100,"column":null}},"type":"binary-expr","locations":[{"start":{"line":100,"column":10},"end":{"line":100,"column":83}},{"start":{"line":100,"column":83},"end":{"line":100,"column":null}}],"line":100},"7":{"loc":{"start":{"line":116,"column":2},"end":{"line":118,"column":null}},"type":"if","locations":[{"start":{"line":116,"column":2},"end":{"line":118,"column":null}},{"start":{},"end":{}}],"line":116},"8":{"loc":{"start":{"line":122,"column":2},"end":{"line":124,"column":null}},"type":"if","locations":[{"start":{"line":122,"column":2},"end":{"line":124,"column":null}},{"start":{},"end":{}}],"line":122},"9":{"loc":{"start":{"line":127,"column":2},"end":{"line":130,"column":null}},"type":"if","locations":[{"start":{"line":127,"column":2},"end":{"line":130,"column":null}},{"start":{},"end":{}}],"line":127},"10":{"loc":{"start":{"line":136,"column":2},"end":{"line":139,"column":null}},"type":"if","locations":[{"start":{"line":136,"column":2},"end":{"line":139,"column":null}},{"start":{},"end":{}}],"line":136},"11":{"loc":{"start":{"line":141,"column":2},"end":{"line":143,"column":null}},"type":"if","locations":[{"start":{"line":141,"column":2},"end":{"line":143,"column":null}},{"start":{},"end":{}}],"line":141}},"s":{"0":1,"1":1,"2":1,"3":24,"4":24,"5":24,"6":24,"7":2,"8":22,"9":29,"10":187,"11":22,"12":2,"13":20,"14":21,"15":51,"16":51,"17":102,"18":51,"19":5,"20":46,"21":19,"22":26,"23":29,"24":5,"25":24,"26":24,"27":2,"28":22,"29":3,"30":19,"31":19,"32":19,"33":1,"34":1,"35":18,"36":4,"37":14},"f":{"0":24,"1":29,"2":187,"3":22,"4":21,"5":51,"6":102,"7":19,"8":26,"9":29},"b":{"0":[2,22],"1":[24,24,24],"2":[187,185],"3":[2,20],"4":[5,46],"5":[46,2],"6":[19,1],"7":[5,24],"8":[2,22],"9":[3,19],"10":[1,18],"11":[4,14]},"meta":{"lastBranch":12,"lastFunction":10,"lastStatement":38,"seen":{"s:16:70:29:Infinity":0,"s:35:29:43:Infinity":1,"s:49:49:51:Infinity":2,"f:56:9:56:29":0,"s:57:19:57:Infinity":3,"s:58:2:64:Infinity":4,"s:59:24:59:Infinity":5,"b:61:4:63:Infinity:undefined:undefined:undefined:undefined":0,"s:61:4:63:Infinity":6,"b:61:8:61:36:61:36:61:60:61:60:61:92":1,"s:62:6:62:Infinity":7,"s:65:2:65:Infinity":8,"f:71:9:71:22":1,"s:72:2:72:Infinity":9,"f:72:30:72:35":2,"s:72:40:72:86":10,"b:72:40:72:66:72:66:72:86":2,"f:78:16:78:27":3,"b:79:2:79:Infinity:undefined:undefined:undefined:undefined":3,"s:79:2:79:Infinity":11,"s:79:30:79:Infinity":12,"s:80:2:80:Infinity":13,"f:80:19:80:24":4,"s:80:29:80:53":14,"f:88:16:88:34":5,"s:89:19:89:Infinity":15,"s:91:19:91:Infinity":16,"f:91:28:91:38":6,"s:91:43:91:56":17,"b:92:2:92:Infinity:undefined:undefined:undefined:undefined":4,"s:92:2:92:Infinity":18,"s:92:23:92:Infinity":19,"s:93:2:93:Infinity":20,"b:93:9:93:35:93:35:93:Infinity":5,"f:99:16:99:33":7,"s:100:2:100:Infinity":21,"b:100:10:100:83:100:83:100:Infinity":6,"f:106:16:106:28":8,"s:107:2:107:Infinity":22,"f:114:16:114:33":9,"b:116:2:118:Infinity:undefined:undefined:undefined:undefined":7,"s:116:2:118:Infinity":23,"s:117:4:117:Infinity":24,"s:121:25:121:Infinity":25,"b:122:2:124:Infinity:undefined:undefined:undefined:undefined":8,"s:122:2:124:Infinity":26,"s:123:4:123:Infinity":27,"b:127:2:130:Infinity:undefined:undefined:undefined:undefined":9,"s:127:2:130:Infinity":28,"s:129:4:129:Infinity":29,"s:132:21:132:Infinity":30,"s:133:24:133:Infinity":31,"b:136:2:139:Infinity:undefined:undefined:undefined:undefined":10,"s:136:2:139:Infinity":32,"s:137:4:137:Infinity":33,"s:138:4:138:Infinity":34,"b:141:2:143:Infinity:undefined:undefined:undefined:undefined":11,"s:141:2:143:Infinity":35,"s:142:4:142:Infinity":36,"s:145:2:145:Infinity":37},"fnNames":{}}}
}
