{"D:\\PhapChe\\src\\lib\\document\\cache.ts": {"path":"D:\\PhapChe\\src\\lib\\document\\cache.ts","statementMap":{"0":{"start":{"line":11,"column":18},"end":{"line":11,"column":null}},"1":{"start":{"line":18,"column":4},"end":{"line":18,"column":null}},"2":{"start":{"line":19,"column":4},"end":{"line":19,"column":null}},"3":{"start":{"line":24,"column":18},"end":{"line":24,"column":null}},"4":{"start":{"line":25,"column":4},"end":{"line":25,"column":null}},"5":{"start":{"line":25,"column":16},"end":{"line":25,"column":null}},"6":{"start":{"line":26,"column":4},"end":{"line":26,"column":null}},"7":{"start":{"line":31,"column":4},"end":{"line":33,"column":null}},"8":{"start":{"line":32,"column":6},"end":{"line":32,"column":null}},"9":{"start":{"line":34,"column":4},"end":{"line":38,"column":null}},"10":{"start":{"line":43,"column":4},"end":{"line":43,"column":null}},"11":{"start":{"line":48,"column":4},"end":{"line":48,"column":null}},"12":{"start":{"line":53,"column":4},"end":{"line":53,"column":null}},"13":{"start":{"line":60,"column":24},"end":{"line":60,"column":null}},"14":{"start":{"line":61,"column":20},"end":{"line":62,"column":null}},"15":{"start":{"line":62,"column":22},"end":{"line":62,"column":53}},"16":{"start":{"line":63,"column":4},"end":{"line":65,"column":null}},"17":{"start":{"line":63,"column":17},"end":{"line":63,"column":20}},"18":{"start":{"line":64,"column":6},"end":{"line":64,"column":null}},"19":{"start":{"line":70,"column":30},"end":{"line":70,"column":null}}},"fnMap":{"0":{"name":"constructor","decl":{"start":{"line":17,"column":2},"end":{"line":17,"column":14}},"loc":{"start":{"line":17,"column":50},"end":{"line":20,"column":null}},"line":17},"1":{"name":"get","decl":{"start":{"line":23,"column":2},"end":{"line":23,"column":6}},"loc":{"start":{"line":23,"column":35},"end":{"line":27,"column":null}},"line":23},"2":{"name":"set","decl":{"start":{"line":30,"column":2},"end":{"line":30,"column":6}},"loc":{"start":{"line":30,"column":46},"end":{"line":39,"column":null}},"line":30},"3":{"name":"delete","decl":{"start":{"line":42,"column":2},"end":{"line":42,"column":9}},"loc":{"start":{"line":42,"column":29},"end":{"line":44,"column":null}},"line":42},"4":{"name":"clear","decl":{"start":{"line":47,"column":2},"end":{"line":47,"column":16}},"loc":{"start":{"line":47,"column":16},"end":{"line":49,"column":null}},"line":47},"5":{"name":"size","decl":{"start":{"line":52,"column":6},"end":{"line":52,"column":21}},"loc":{"start":{"line":52,"column":21},"end":{"line":54,"column":null}},"line":52},"6":{"name":"prune","decl":{"start":{"line":59,"column":2},"end":{"line":59,"column":10}},"loc":{"start":{"line":59,"column":24},"end":{"line":66,"column":null}},"line":59},"7":{"name":"(anonymous_7)","decl":{"start":{"line":62,"column":7},"end":{"line":62,"column":13}},"loc":{"start":{"line":62,"column":22},"end":{"line":62,"column":53}},"line":62}},"branchMap":{"0":{"loc":{"start":{"line":17,"column":14},"end":{"line":17,"column":32}},"type":"default-arg","locations":[{"start":{"line":17,"column":27},"end":{"line":17,"column":32}}],"line":17},"1":{"loc":{"start":{"line":17,"column":32},"end":{"line":17,"column":50}},"type":"default-arg","locations":[{"start":{"line":17,"column":45},"end":{"line":17,"column":50}}],"line":17},"2":{"loc":{"start":{"line":25,"column":4},"end":{"line":25,"column":null}},"type":"if","locations":[{"start":{"line":25,"column":4},"end":{"line":25,"column":null}},{"start":{},"end":{}}],"line":25},"3":{"loc":{"start":{"line":31,"column":4},"end":{"line":33,"column":null}},"type":"if","locations":[{"start":{"line":31,"column":4},"end":{"line":33,"column":null}},{"start":{},"end":{}}],"line":31},"4":{"loc":{"start":{"line":63,"column":20},"end":{"line":63,"column":59}},"type":"binary-expr","locations":[{"start":{"line":63,"column":20},"end":{"line":63,"column":39}},{"start":{"line":63,"column":39},"end":{"line":63,"column":59}}],"line":63}},"s":{"0":4,"1":4,"2":4,"3":23,"4":23,"5":18,"6":5,"7":34,"8":1,"9":34,"10":2,"11":32,"12":7,"13":1,"14":1,"15":4,"16":1,"17":1,"18":2,"19":2},"f":{"0":4,"1":23,"2":34,"3":2,"4":32,"5":7,"6":1,"7":4},"b":{"0":[4],"1":[4],"2":[18,5],"3":[1,33],"4":[1,2]},"meta":{"lastBranch":5,"lastFunction":8,"lastStatement":20,"seen":{"f:17:2:17:14":0,"b:17:27:17:32":0,"b:17:45:17:50":1,"s:11:18:11:Infinity":0,"s:18:4:18:Infinity":1,"s:19:4:19:Infinity":2,"f:23:2:23:6":1,"s:24:18:24:Infinity":3,"b:25:4:25:Infinity:undefined:undefined:undefined:undefined":2,"s:25:4:25:Infinity":4,"s:25:16:25:Infinity":5,"s:26:4:26:Infinity":6,"f:30:2:30:6":2,"b:31:4:33:Infinity:undefined:undefined:undefined:undefined":3,"s:31:4:33:Infinity":7,"s:32:6:32:Infinity":8,"s:34:4:38:Infinity":9,"f:42:2:42:9":3,"s:43:4:43:Infinity":10,"f:47:2:47:16":4,"s:48:4:48:Infinity":11,"f:52:6:52:21":5,"s:53:4:53:Infinity":12,"f:59:2:59:10":6,"s:60:24:60:Infinity":13,"s:61:20:62:Infinity":14,"f:62:7:62:13":7,"s:62:22:62:53":15,"s:63:4:65:Infinity":16,"s:63:17:63:20":17,"b:63:20:63:39:63:39:63:59":4,"s:64:6:64:Infinity":18,"s:70:30:70:Infinity":19},"fnNames":{}}}
,"D:\\PhapChe\\src\\lib\\document\\markitdown.ts": {"path":"D:\\PhapChe\\src\\lib\\document\\markitdown.ts","statementMap":{"0":{"start":{"line":11,"column":22},"end":{"line":11,"column":null}},"1":{"start":{"line":16,"column":27},"end":{"line":16,"column":null}},"2":{"start":{"line":19,"column":25},"end":{"line":19,"column":null}},"3":{"start":{"line":23,"column":17},"end":{"line":23,"column":null}},"4":{"start":{"line":24,"column":19},"end":{"line":24,"column":null}},"5":{"start":{"line":25,"column":21},"end":{"line":25,"column":null}},"6":{"start":{"line":32,"column":14},"end":{"line":32,"column":null}},"7":{"start":{"line":33,"column":2},"end":{"line":35,"column":null}},"8":{"start":{"line":34,"column":4},"end":{"line":34,"column":null}},"9":{"start":{"line":37,"column":2},"end":{"line":42,"column":null}},"10":{"start":{"line":38,"column":4},"end":{"line":38,"column":null}},"11":{"start":{"line":39,"column":4},"end":{"line":39,"column":null}},"12":{"start":{"line":41,"column":4},"end":{"line":41,"column":null}},"13":{"start":{"line":44,"column":2},"end":{"line":44,"column":null}},"14":{"start":{"line":45,"column":2},"end":{"line":45,"column":null}},"15":{"start":{"line":46,"column":2},"end":{"line":46,"column":null}},"16":{"start":{"line":53,"column":2},"end":{"line":53,"column":null}},"17":{"start":{"line":54,"column":2},"end":{"line":54,"column":null}},"18":{"start":{"line":55,"column":2},"end":{"line":55,"column":null}},"19":{"start":{"line":75,"column":20},"end":{"line":75,"column":null}},"20":{"start":{"line":76,"column":2},"end":{"line":82,"column":null}},"21":{"start":{"line":77,"column":4},"end":{"line":81,"column":null}},"22":{"start":{"line":85,"column":20},"end":{"line":85,"column":null}},"23":{"start":{"line":87,"column":2},"end":{"line":134,"column":null}},"24":{"start":{"line":88,"column":23},"end":{"line":97,"column":null}},"25":{"start":{"line":99,"column":21},"end":{"line":99,"column":null}},"26":{"start":{"line":101,"column":4},"end":{"line":108,"column":null}},"27":{"start":{"line":102,"column":6},"end":{"line":107,"column":null}},"28":{"start":{"line":110,"column":4},"end":{"line":114,"column":null}},"29":{"start":{"line":116,"column":18},"end":{"line":116,"column":null}},"30":{"start":{"line":119,"column":4},"end":{"line":126,"column":null}},"31":{"start":{"line":120,"column":6},"end":{"line":125,"column":null}},"32":{"start":{"line":128,"column":4},"end":{"line":133,"column":null}},"33":{"start":{"line":143,"column":15},"end":{"line":143,"column":null}},"34":{"start":{"line":144,"column":14},"end":{"line":144,"column":null}},"35":{"start":{"line":146,"column":2},"end":{"line":146,"column":null}},"36":{"start":{"line":146,"column":66},"end":{"line":146,"column":null}},"37":{"start":{"line":147,"column":2},"end":{"line":147,"column":null}},"38":{"start":{"line":147,"column":58},"end":{"line":147,"column":null}},"39":{"start":{"line":148,"column":2},"end":{"line":148,"column":null}},"40":{"start":{"line":148,"column":63},"end":{"line":148,"column":null}},"41":{"start":{"line":149,"column":2},"end":{"line":149,"column":null}},"42":{"start":{"line":149,"column":64},"end":{"line":149,"column":null}},"43":{"start":{"line":151,"column":2},"end":{"line":151,"column":null}}},"fnMap":{"0":{"name":"isMarkItDownAvailable","decl":{"start":{"line":31,"column":22},"end":{"line":31,"column":64}},"loc":{"start":{"line":31,"column":64},"end":{"line":47,"column":null}},"line":31},"1":{"name":"resetCliCache","decl":{"start":{"line":52,"column":16},"end":{"line":52,"column":38}},"loc":{"start":{"line":52,"column":38},"end":{"line":56,"column":null}},"line":52},"2":{"name":"convertWithMarkItDown","decl":{"start":{"line":68,"column":22},"end":{"line":68,"column":null}},"loc":{"start":{"line":73,"column":29},"end":{"line":135,"column":null}},"line":73},"3":{"name":"detectConverter","decl":{"start":{"line":142,"column":9},"end":{"line":142,"column":25}},"loc":{"start":{"line":142,"column":69},"end":{"line":152,"column":null}},"line":142}},"branchMap":{"0":{"loc":{"start":{"line":33,"column":2},"end":{"line":35,"column":null}},"type":"if","locations":[{"start":{"line":33,"column":2},"end":{"line":35,"column":null}},{"start":{},"end":{}}],"line":33},"1":{"loc":{"start":{"line":33,"column":6},"end":{"line":33,"column":61}},"type":"binary-expr","locations":[{"start":{"line":33,"column":6},"end":{"line":33,"column":20}},{"start":{"line":33,"column":20},"end":{"line":33,"column":61}}],"line":33},"2":{"loc":{"start":{"line":72,"column":2},"end":{"line":72,"column":null}},"type":"default-arg","locations":[{"start":{"line":72,"column":14},"end":{"line":72,"column":null}}],"line":72},"3":{"loc":{"start":{"line":76,"column":2},"end":{"line":82,"column":null}},"type":"if","locations":[{"start":{"line":76,"column":2},"end":{"line":82,"column":null}},{"start":{},"end":{}}],"line":76},"4":{"loc":{"start":{"line":101,"column":4},"end":{"line":108,"column":null}},"type":"if","locations":[{"start":{"line":101,"column":4},"end":{"line":108,"column":null}},{"start":{},"end":{}}],"line":101},"5":{"loc":{"start":{"line":119,"column":4},"end":{"line":126,"column":null}},"type":"if","locations":[{"start":{"line":119,"column":4},"end":{"line":126,"column":null}},{"start":{},"end":{}}],"line":119},"6":{"loc":{"start":{"line":119,"column":8},"end":{"line":119,"column":45}},"type":"binary-expr","locations":[{"start":{"line":119,"column":8},"end":{"line":119,"column":24}},{"start":{"line":119,"column":24},"end":{"line":119,"column":45}}],"line":119},"7":{"loc":{"start":{"line":146,"column":2},"end":{"line":146,"column":null}},"type":"if","locations":[{"start":{"line":146,"column":2},"end":{"line":146,"column":null}},{"start":{},"end":{}}],"line":146},"8":{"loc":{"start":{"line":146,"column":6},"end":{"line":146,"column":66}},"type":"binary-expr","locations":[{"start":{"line":146,"column":6},"end":{"line":146,"column":43}},{"start":{"line":146,"column":43},"end":{"line":146,"column":66}}],"line":146},"9":{"loc":{"start":{"line":147,"column":2},"end":{"line":147,"column":null}},"type":"if","locations":[{"start":{"line":147,"column":2},"end":{"line":147,"column":null}},{"start":{},"end":{}}],"line":147},"10":{"loc":{"start":{"line":147,"column":6},"end":{"line":147,"column":58}},"type":"binary-expr","locations":[{"start":{"line":147,"column":6},"end":{"line":147,"column":36}},{"start":{"line":147,"column":36},"end":{"line":147,"column":58}}],"line":147},"11":{"loc":{"start":{"line":148,"column":2},"end":{"line":148,"column":null}},"type":"if","locations":[{"start":{"line":148,"column":2},"end":{"line":148,"column":null}},{"start":{},"end":{}}],"line":148},"12":{"loc":{"start":{"line":148,"column":6},"end":{"line":148,"column":63}},"type":"binary-expr","locations":[{"start":{"line":148,"column":6},"end":{"line":148,"column":40}},{"start":{"line":148,"column":40},"end":{"line":148,"column":63}}],"line":148},"13":{"loc":{"start":{"line":149,"column":2},"end":{"line":149,"column":null}},"type":"if","locations":[{"start":{"line":149,"column":2},"end":{"line":149,"column":null}},{"start":{},"end":{}}],"line":149},"14":{"loc":{"start":{"line":149,"column":6},"end":{"line":149,"column":64}},"type":"binary-expr","locations":[{"start":{"line":149,"column":6},"end":{"line":149,"column":41}},{"start":{"line":149,"column":41},"end":{"line":149,"column":64}}],"line":149}},"s":{"0":1,"1":1,"2":1,"3":1,"4":1,"5":1,"6":10,"7":10,"8":1,"9":9,"10":9,"11":9,"12":0,"13":9,"14":9,"15":9,"16":10,"17":10,"18":10,"19":7,"20":7,"21":0,"22":7,"23":7,"24":7,"25":0,"26":0,"27":0,"28":0,"29":7,"30":7,"31":1,"32":6,"33":7,"34":7,"35":7,"36":2,"37":5,"38":2,"39":3,"40":1,"41":2,"42":0,"43":2},"f":{"0":10,"1":10,"2":7,"3":7},"b":{"0":[1,9],"1":[10,1],"2":[7],"3":[0,7],"4":[0,0],"5":[1,6],"6":[7,1],"7":[2,5],"8":[7,6],"9":[2,3],"10":[5,3],"11":[1,2],"12":[3,2],"13":[0,2],"14":[2,2]},"meta":{"lastBranch":15,"lastFunction":4,"lastStatement":44,"seen":{"s:11:22:11:Infinity":0,"s:16:27:16:Infinity":1,"s:19:25:19:Infinity":2,"s:23:17:23:Infinity":3,"s:24:19:24:Infinity":4,"s:25:21:25:Infinity":5,"f:31:22:31:64":0,"s:32:14:32:Infinity":6,"b:33:2:35:Infinity:undefined:undefined:undefined:undefined":0,"s:33:2:35:Infinity":7,"b:33:6:33:20:33:20:33:61":1,"s:34:4:34:Infinity":8,"s:37:2:42:Infinity":9,"s:38:4:38:Infinity":10,"s:39:4:39:Infinity":11,"s:41:4:41:Infinity":12,"s:44:2:44:Infinity":13,"s:45:2:45:Infinity":14,"s:46:2:46:Infinity":15,"f:52:16:52:38":1,"s:53:2:53:Infinity":16,"s:54:2:54:Infinity":17,"s:55:2:55:Infinity":18,"f:68:22:68:Infinity":2,"b:72:14:72:Infinity":2,"s:75:20:75:Infinity":19,"b:76:2:82:Infinity:undefined:undefined:undefined:undefined":3,"s:76:2:82:Infinity":20,"s:77:4:81:Infinity":21,"s:85:20:85:Infinity":22,"s:87:2:134:Infinity":23,"s:88:23:97:Infinity":24,"s:99:21:99:Infinity":25,"b:101:4:108:Infinity:undefined:undefined:undefined:undefined":4,"s:101:4:108:Infinity":26,"s:102:6:107:Infinity":27,"s:110:4:114:Infinity":28,"s:116:18:116:Infinity":29,"b:119:4:126:Infinity:undefined:undefined:undefined:undefined":5,"s:119:4:126:Infinity":30,"b:119:8:119:24:119:24:119:45":6,"s:120:6:125:Infinity":31,"s:128:4:133:Infinity":32,"f:142:9:142:25":3,"s:143:15:143:Infinity":33,"s:144:14:144:Infinity":34,"b:146:2:146:Infinity:undefined:undefined:undefined:undefined":7,"s:146:2:146:Infinity":35,"b:146:6:146:43:146:43:146:66":8,"s:146:66:146:Infinity":36,"b:147:2:147:Infinity:undefined:undefined:undefined:undefined":9,"s:147:2:147:Infinity":37,"b:147:6:147:36:147:36:147:58":10,"s:147:58:147:Infinity":38,"b:148:2:148:Infinity:undefined:undefined:undefined:undefined":11,"s:148:2:148:Infinity":39,"b:148:6:148:40:148:40:148:63":12,"s:148:63:148:Infinity":40,"b:149:2:149:Infinity:undefined:undefined:undefined:undefined":13,"s:149:2:149:Infinity":41,"b:149:6:149:41:149:41:149:64":14,"s:149:64:149:Infinity":42,"s:151:2:151:Infinity":43},"fnNames":{}}}
,"D:\\PhapChe\\src\\lib\\document\\types.ts": {"path":"D:\\PhapChe\\src\\lib\\document\\types.ts","statementMap":{"0":{"start":{"line":97,"column":59},"end":{"line":107,"column":null}}},"fnMap":{},"branchMap":{},"s":{"0":1},"f":{},"b":{},"meta":{"lastBranch":0,"lastFunction":0,"lastStatement":1,"seen":{"s:97:59:107:Infinity":0},"fnNames":{}}}
,"D:\\PhapChe\\src\\lib\\document\\normalizer\\cleaners.ts": {"path":"D:\\PhapChe\\src\\lib\\document\\normalizer\\cleaners.ts","statementMap":{"0":{"start":{"line":11,"column":2},"end":{"line":11,"column":null}},"1":{"start":{"line":18,"column":2},"end":{"line":28,"column":null}},"2":{"start":{"line":35,"column":2},"end":{"line":38,"column":null}},"3":{"start":{"line":37,"column":19},"end":{"line":37,"column":33}},"4":{"start":{"line":47,"column":2},"end":{"line":52,"column":null}},"5":{"start":{"line":60,"column":2},"end":{"line":60,"column":null}},"6":{"start":{"line":69,"column":2},"end":{"line":69,"column":null}},"7":{"start":{"line":83,"column":54},"end":{"line":90,"column":null}},"8":{"start":{"line":96,"column":15},"end":{"line":96,"column":null}},"9":{"start":{"line":98,"column":15},"end":{"line":98,"column":null}},"10":{"start":{"line":100,"column":2},"end":{"line":100,"column":null}},"11":{"start":{"line":100,"column":24},"end":{"line":100,"column":null}},"12":{"start":{"line":101,"column":2},"end":{"line":101,"column":null}},"13":{"start":{"line":101,"column":18},"end":{"line":101,"column":null}},"14":{"start":{"line":102,"column":2},"end":{"line":102,"column":null}},"15":{"start":{"line":102,"column":20},"end":{"line":102,"column":null}},"16":{"start":{"line":103,"column":2},"end":{"line":103,"column":null}},"17":{"start":{"line":103,"column":25},"end":{"line":103,"column":null}},"18":{"start":{"line":104,"column":2},"end":{"line":104,"column":null}},"19":{"start":{"line":104,"column":21},"end":{"line":104,"column":null}},"20":{"start":{"line":105,"column":2},"end":{"line":105,"column":null}},"21":{"start":{"line":105,"column":23},"end":{"line":105,"column":null}},"22":{"start":{"line":107,"column":2},"end":{"line":107,"column":null}}},"fnMap":{"0":{"name":"normalizeLineEndings","decl":{"start":{"line":10,"column":16},"end":{"line":10,"column":37}},"loc":{"start":{"line":10,"column":59},"end":{"line":12,"column":null}},"line":10},"1":{"name":"stripNoise","decl":{"start":{"line":17,"column":16},"end":{"line":17,"column":27}},"loc":{"start":{"line":17,"column":49},"end":{"line":29,"column":null}},"line":17},"2":{"name":"trimTrailingWhitespace","decl":{"start":{"line":34,"column":16},"end":{"line":34,"column":39}},"loc":{"start":{"line":34,"column":61},"end":{"line":39,"column":null}},"line":34},"3":{"name":"(anonymous_3)","decl":{"start":{"line":37,"column":5},"end":{"line":37,"column":10}},"loc":{"start":{"line":37,"column":19},"end":{"line":37,"column":33}},"line":37},"4":{"name":"collapseBlankLines","decl":{"start":{"line":46,"column":16},"end":{"line":46,"column":35}},"loc":{"start":{"line":46,"column":57},"end":{"line":53,"column":null}},"line":46},"5":{"name":"normalizeUnicode","decl":{"start":{"line":59,"column":16},"end":{"line":59,"column":33}},"loc":{"start":{"line":59,"column":55},"end":{"line":61,"column":null}},"line":59},"6":{"name":"stripControlChars","decl":{"start":{"line":67,"column":16},"end":{"line":67,"column":34}},"loc":{"start":{"line":67,"column":56},"end":{"line":70,"column":null}},"line":67},"7":{"name":"phase1Clean","decl":{"start":{"line":95,"column":16},"end":{"line":95,"column":28}},"loc":{"start":{"line":95,"column":74},"end":{"line":108,"column":null}},"line":95}},"branchMap":{"0":{"loc":{"start":{"line":100,"column":2},"end":{"line":100,"column":null}},"type":"if","locations":[{"start":{"line":100,"column":2},"end":{"line":100,"column":null}},{"start":{},"end":{}}],"line":100},"1":{"loc":{"start":{"line":101,"column":2},"end":{"line":101,"column":null}},"type":"if","locations":[{"start":{"line":101,"column":2},"end":{"line":101,"column":null}},{"start":{},"end":{}}],"line":101},"2":{"loc":{"start":{"line":102,"column":2},"end":{"line":102,"column":null}},"type":"if","locations":[{"start":{"line":102,"column":2},"end":{"line":102,"column":null}},{"start":{},"end":{}}],"line":102},"3":{"loc":{"start":{"line":103,"column":2},"end":{"line":103,"column":null}},"type":"if","locations":[{"start":{"line":103,"column":2},"end":{"line":103,"column":null}},{"start":{},"end":{}}],"line":103},"4":{"loc":{"start":{"line":104,"column":2},"end":{"line":104,"column":null}},"type":"if","locations":[{"start":{"line":104,"column":2},"end":{"line":104,"column":null}},{"start":{},"end":{}}],"line":104},"5":{"loc":{"start":{"line":105,"column":2},"end":{"line":105,"column":null}},"type":"if","locations":[{"start":{"line":105,"column":2},"end":{"line":105,"column":null}},{"start":{},"end":{}}],"line":105}},"s":{"0":19,"1":24,"2":20,"3":271,"4":22,"5":18,"6":21,"7":2,"8":16,"9":16,"10":16,"11":14,"12":16,"13":15,"14":16,"15":15,"16":16,"17":15,"18":16,"19":15,"20":16,"21":14,"22":16},"f":{"0":19,"1":24,"2":20,"3":271,"4":22,"5":18,"6":21,"7":16},"b":{"0":[14,2],"1":[15,1],"2":[15,1],"3":[15,1],"4":[15,1],"5":[14,2]},"meta":{"lastBranch":6,"lastFunction":8,"lastStatement":23,"seen":{"f:10:16:10:37":0,"s:11:2:11:Infinity":0,"f:17:16:17:27":1,"s:18:2:28:Infinity":1,"f:34:16:34:39":2,"s:35:2:38:Infinity":2,"f:37:5:37:10":3,"s:37:19:37:33":3,"f:46:16:46:35":4,"s:47:2:52:Infinity":4,"f:59:16:59:33":5,"s:60:2:60:Infinity":5,"f:67:16:67:34":6,"s:69:2:69:Infinity":6,"s:83:54:90:Infinity":7,"f:95:16:95:28":7,"s:96:15:96:Infinity":8,"s:98:15:98:Infinity":9,"b:100:2:100:Infinity:undefined:undefined:undefined:undefined":0,"s:100:2:100:Infinity":10,"s:100:24:100:Infinity":11,"b:101:2:101:Infinity:undefined:undefined:undefined:undefined":1,"s:101:2:101:Infinity":12,"s:101:18:101:Infinity":13,"b:102:2:102:Infinity:undefined:undefined:undefined:undefined":2,"s:102:2:102:Infinity":14,"s:102:20:102:Infinity":15,"b:103:2:103:Infinity:undefined:undefined:undefined:undefined":3,"s:103:2:103:Infinity":16,"s:103:25:103:Infinity":17,"b:104:2:104:Infinity:undefined:undefined:undefined:undefined":4,"s:104:2:104:Infinity":18,"s:104:21:104:Infinity":19,"b:105:2:105:Infinity:undefined:undefined:undefined:undefined":5,"s:105:2:105:Infinity":20,"s:105:23:105:Infinity":21,"s:107:2:107:Infinity":22},"fnNames":{}}}
,"D:\\PhapChe\\src\\lib\\document\\normalizer\\detectors.ts": {"path":"D:\\PhapChe\\src\\lib\\document\\normalizer\\detectors.ts","statementMap":{"0":{"start":{"line":23,"column":56},"end":{"line":29,"column":null}},"1":{"start":{"line":34,"column":19},"end":{"line":34,"column":null}},"2":{"start":{"line":37,"column":19},"end":{"line":37,"column":null}},"3":{"start":{"line":40,"column":22},"end":{"line":40,"column":null}},"4":{"start":{"line":43,"column":17},"end":{"line":43,"column":null}},"5":{"start":{"line":46,"column":25},"end":{"line":46,"column":null}},"6":{"start":{"line":49,"column":20},"end":{"line":49,"column":null}},"7":{"start":{"line":58,"column":29},"end":{"line":58,"column":null}},"8":{"start":{"line":60,"column":22},"end":{"line":64,"column":null}},"9":{"start":{"line":61,"column":18},"end":{"line":61,"column":null}},"10":{"start":{"line":62,"column":4},"end":{"line":62,"column":null}},"11":{"start":{"line":63,"column":4},"end":{"line":63,"column":null}},"12":{"start":{"line":66,"column":2},"end":{"line":66,"column":null}},"13":{"start":{"line":74,"column":29},"end":{"line":74,"column":null}},"14":{"start":{"line":76,"column":22},"end":{"line":80,"column":null}},"15":{"start":{"line":77,"column":18},"end":{"line":77,"column":null}},"16":{"start":{"line":78,"column":4},"end":{"line":78,"column":null}},"17":{"start":{"line":79,"column":4},"end":{"line":79,"column":null}},"18":{"start":{"line":82,"column":2},"end":{"line":82,"column":null}},"19":{"start":{"line":90,"column":2},"end":{"line":93,"column":null}},"20":{"start":{"line":91,"column":18},"end":{"line":91,"column":null}},"21":{"start":{"line":92,"column":4},"end":{"line":92,"column":null}},"22":{"start":{"line":101,"column":2},"end":{"line":101,"column":null}},"23":{"start":{"line":109,"column":2},"end":{"line":109,"column":null}},"24":{"start":{"line":117,"column":2},"end":{"line":124,"column":null}},"25":{"start":{"line":118,"column":20},"end":{"line":118,"column":null}},"26":{"start":{"line":120,"column":4},"end":{"line":120,"column":null}},"27":{"start":{"line":120,"column":33},"end":{"line":120,"column":null}},"28":{"start":{"line":122,"column":4},"end":{"line":122,"column":null}},"29":{"start":{"line":122,"column":51},"end":{"line":122,"column":null}},"30":{"start":{"line":123,"column":4},"end":{"line":123,"column":null}},"31":{"start":{"line":134,"column":15},"end":{"line":134,"column":null}},"32":{"start":{"line":135,"column":15},"end":{"line":135,"column":null}},"33":{"start":{"line":136,"column":27},"end":{"line":136,"column":null}},"34":{"start":{"line":137,"column":27},"end":{"line":137,"column":null}},"35":{"start":{"line":139,"column":2},"end":{"line":143,"column":null}},"36":{"start":{"line":140,"column":14},"end":{"line":140,"column":null}},"37":{"start":{"line":141,"column":4},"end":{"line":141,"column":null}},"38":{"start":{"line":142,"column":4},"end":{"line":142,"column":null}},"39":{"start":{"line":145,"column":2},"end":{"line":149,"column":null}},"40":{"start":{"line":146,"column":14},"end":{"line":146,"column":null}},"41":{"start":{"line":147,"column":4},"end":{"line":147,"column":null}},"42":{"start":{"line":148,"column":4},"end":{"line":148,"column":null}},"43":{"start":{"line":151,"column":2},"end":{"line":154,"column":null}},"44":{"start":{"line":152,"column":4},"end":{"line":152,"column":null}},"45":{"start":{"line":153,"column":4},"end":{"line":153,"column":null}},"46":{"start":{"line":156,"column":2},"end":{"line":158,"column":null}},"47":{"start":{"line":157,"column":4},"end":{"line":157,"column":null}},"48":{"start":{"line":160,"column":2},"end":{"line":162,"column":null}},"49":{"start":{"line":161,"column":4},"end":{"line":161,"column":null}},"50":{"start":{"line":164,"column":2},"end":{"line":164,"column":null}}},"fnMap":{"0":{"name":"detectArticles","decl":{"start":{"line":57,"column":16},"end":{"line":57,"column":31}},"loc":{"start":{"line":57,"column":90},"end":{"line":67,"column":null}},"line":57},"1":{"name":"(anonymous_1)","decl":{"start":{"line":60,"column":35},"end":{"line":60,"column":48}},"loc":{"start":{"line":60,"column":80},"end":{"line":64,"column":3}},"line":60},"2":{"name":"detectSections","decl":{"start":{"line":73,"column":16},"end":{"line":73,"column":31}},"loc":{"start":{"line":73,"column":90},"end":{"line":83,"column":null}},"line":73},"3":{"name":"(anonymous_3)","decl":{"start":{"line":76,"column":35},"end":{"line":76,"column":48}},"loc":{"start":{"line":76,"column":79},"end":{"line":80,"column":3}},"line":76},"4":{"name":"detectSubItems","decl":{"start":{"line":89,"column":16},"end":{"line":89,"column":31}},"loc":{"start":{"line":89,"column":53},"end":{"line":94,"column":null}},"line":89},"5":{"name":"(anonymous_5)","decl":{"start":{"line":90,"column":22},"end":{"line":90,"column":38}},"loc":{"start":{"line":90,"column":62},"end":{"line":93,"column":3}},"line":90},"6":{"name":"detectPoints","decl":{"start":{"line":100,"column":16},"end":{"line":100,"column":29}},"loc":{"start":{"line":100,"column":51},"end":{"line":102,"column":null}},"line":100},"7":{"name":"normalizeLists","decl":{"start":{"line":108,"column":16},"end":{"line":108,"column":31}},"loc":{"start":{"line":108,"column":53},"end":{"line":110,"column":null}},"line":108},"8":{"name":"detectAllCapsHeadings","decl":{"start":{"line":116,"column":16},"end":{"line":116,"column":38}},"loc":{"start":{"line":116,"column":60},"end":{"line":125,"column":null}},"line":116},"9":{"name":"(anonymous_9)","decl":{"start":{"line":117,"column":22},"end":{"line":117,"column":36}},"loc":{"start":{"line":117,"column":46},"end":{"line":124,"column":3}},"line":117},"10":{"name":"phase2Detect","decl":{"start":{"line":133,"column":16},"end":{"line":133,"column":29}},"loc":{"start":{"line":133,"column":82},"end":{"line":165,"column":null}},"line":133}},"branchMap":{"0":{"loc":{"start":{"line":120,"column":4},"end":{"line":120,"column":null}},"type":"if","locations":[{"start":{"line":120,"column":4},"end":{"line":120,"column":null}},{"start":{},"end":{}}],"line":120},"1":{"loc":{"start":{"line":122,"column":4},"end":{"line":122,"column":null}},"type":"if","locations":[{"start":{"line":122,"column":4},"end":{"line":122,"column":null}},{"start":{},"end":{}}],"line":122},"2":{"loc":{"start":{"line":122,"column":8},"end":{"line":122,"column":51}},"type":"binary-expr","locations":[{"start":{"line":122,"column":8},"end":{"line":122,"column":30}},{"start":{"line":122,"column":30},"end":{"line":122,"column":51}}],"line":122},"3":{"loc":{"start":{"line":139,"column":2},"end":{"line":143,"column":null}},"type":"if","locations":[{"start":{"line":139,"column":2},"end":{"line":143,"column":null}},{"start":{},"end":{}}],"line":139},"4":{"loc":{"start":{"line":145,"column":2},"end":{"line":149,"column":null}},"type":"if","locations":[{"start":{"line":145,"column":2},"end":{"line":149,"column":null}},{"start":{},"end":{}}],"line":145},"5":{"loc":{"start":{"line":151,"column":2},"end":{"line":154,"column":null}},"type":"if","locations":[{"start":{"line":151,"column":2},"end":{"line":154,"column":null}},{"start":{},"end":{}}],"line":151},"6":{"loc":{"start":{"line":156,"column":2},"end":{"line":158,"column":null}},"type":"if","locations":[{"start":{"line":156,"column":2},"end":{"line":158,"column":null}},{"start":{},"end":{}}],"line":156},"7":{"loc":{"start":{"line":160,"column":2},"end":{"line":162,"column":null}},"type":"if","locations":[{"start":{"line":160,"column":2},"end":{"line":162,"column":null}},{"start":{},"end":{}}],"line":160}},"s":{"0":2,"1":2,"2":2,"3":2,"4":2,"5":2,"6":2,"7":23,"8":23,"9":37,"10":37,"11":37,"12":23,"13":20,"14":20,"15":14,"16":14,"17":14,"18":20,"19":17,"20":19,"21":19,"22":19,"23":18,"24":21,"25":15,"26":15,"27":0,"28":15,"29":5,"30":10,"31":15,"32":15,"33":15,"34":15,"35":15,"36":13,"37":13,"38":13,"39":15,"40":13,"41":13,"42":13,"43":15,"44":12,"45":12,"46":15,"47":12,"48":15,"49":15,"50":15},"f":{"0":23,"1":37,"2":20,"3":14,"4":17,"5":19,"6":19,"7":18,"8":21,"9":15,"10":15},"b":{"0":[0,15],"1":[5,10],"2":[15,12],"3":[13,2],"4":[13,2],"5":[12,3],"6":[12,3],"7":[15,0]},"meta":{"lastBranch":8,"lastFunction":11,"lastStatement":51,"seen":{"s:23:56:29:Infinity":0,"s:34:19:34:Infinity":1,"s:37:19:37:Infinity":2,"s:40:22:40:Infinity":3,"s:43:17:43:Infinity":4,"s:46:25:46:Infinity":5,"s:49:20:49:Infinity":6,"f:57:16:57:31":0,"s:58:29:58:Infinity":7,"s:60:22:64:Infinity":8,"f:60:35:60:48":1,"s:61:18:61:Infinity":9,"s:62:4:62:Infinity":10,"s:63:4:63:Infinity":11,"s:66:2:66:Infinity":12,"f:73:16:73:31":2,"s:74:29:74:Infinity":13,"s:76:22:80:Infinity":14,"f:76:35:76:48":3,"s:77:18:77:Infinity":15,"s:78:4:78:Infinity":16,"s:79:4:79:Infinity":17,"s:82:2:82:Infinity":18,"f:89:16:89:31":4,"s:90:2:93:Infinity":19,"f:90:22:90:38":5,"s:91:18:91:Infinity":20,"s:92:4:92:Infinity":21,"f:100:16:100:29":6,"s:101:2:101:Infinity":22,"f:108:16:108:31":7,"s:109:2:109:Infinity":23,"f:116:16:116:38":8,"s:117:2:124:Infinity":24,"f:117:22:117:36":9,"s:118:20:118:Infinity":25,"b:120:4:120:Infinity:undefined:undefined:undefined:undefined":0,"s:120:4:120:Infinity":26,"s:120:33:120:Infinity":27,"b:122:4:122:Infinity:undefined:undefined:undefined:undefined":1,"s:122:4:122:Infinity":28,"b:122:8:122:30:122:30:122:51":2,"s:122:51:122:Infinity":29,"s:123:4:123:Infinity":30,"f:133:16:133:29":10,"s:134:15:134:Infinity":31,"s:135:15:135:Infinity":32,"s:136:27:136:Infinity":33,"s:137:27:137:Infinity":34,"b:139:2:143:Infinity:undefined:undefined:undefined:undefined":3,"s:139:2:143:Infinity":35,"s:140:14:140:Infinity":36,"s:141:4:141:Infinity":37,"s:142:4:142:Infinity":38,"b:145:2:149:Infinity:undefined:undefined:undefined:undefined":4,"s:145:2:149:Infinity":39,"s:146:14:146:Infinity":40,"s:147:4:147:Infinity":41,"s:148:4:148:Infinity":42,"b:151:2:154:Infinity:undefined:undefined:undefined:undefined":5,"s:151:2:154:Infinity":43,"s:152:4:152:Infinity":44,"s:153:4:153:Infinity":45,"b:156:2:158:Infinity:undefined:undefined:undefined:undefined":6,"s:156:2:158:Infinity":46,"s:157:4:157:Infinity":47,"b:160:2:162:Infinity:undefined:undefined:undefined:undefined":7,"s:160:2:162:Infinity":48,"s:161:4:161:Infinity":49,"s:164:2:164:Infinity":50},"fnNames":{}}}
,"D:\\PhapChe\\src\\lib\\document\\normalizer\\formatters.ts": {"path":"D:\\PhapChe\\src\\lib\\document\\normalizer\\formatters.ts","statementMap":{"0":{"start":{"line":13,"column":56},"end":{"line":18,"column":null}},"1":{"start":{"line":27,"column":16},"end":{"line":27,"column":null}},"2":{"start":{"line":28,"column":23},"end":{"line":28,"column":null}},"3":{"start":{"line":28,"column":41},"end":{"line":28,"column":95}},"4":{"start":{"line":35,"column":14},"end":{"line":35,"column":null}},"5":{"start":{"line":36,"column":14},"end":{"line":36,"column":null}},"6":{"start":{"line":38,"column":2},"end":{"line":41,"column":null}},"7":{"start":{"line":39,"column":4},"end":{"line":39,"column":null}},"8":{"start":{"line":39,"column":28},"end":{"line":39,"column":null}},"9":{"start":{"line":40,"column":4},"end":{"line":40,"column":null}},"10":{"start":{"line":40,"column":29},"end":{"line":40,"column":null}},"11":{"start":{"line":44,"column":2},"end":{"line":48,"column":null}},"12":{"start":{"line":45,"column":4},"end":{"line":47,"column":null}},"13":{"start":{"line":46,"column":6},"end":{"line":46,"column":null}},"14":{"start":{"line":50,"column":2},"end":{"line":50,"column":null}},"15":{"start":{"line":60,"column":2},"end":{"line":69,"column":null}},"16":{"start":{"line":64,"column":6},"end":{"line":66,"column":null}},"17":{"start":{"line":65,"column":8},"end":{"line":65,"column":null}},"18":{"start":{"line":65,"column":48},"end":{"line":65,"column":68}},"19":{"start":{"line":67,"column":6},"end":{"line":67,"column":null}},"20":{"start":{"line":79,"column":16},"end":{"line":79,"column":null}},"21":{"start":{"line":80,"column":27},"end":{"line":80,"column":null}},"22":{"start":{"line":82,"column":2},"end":{"line":104,"column":null}},"23":{"start":{"line":82,"column":15},"end":{"line":82,"column":18}},"24":{"start":{"line":83,"column":17},"end":{"line":83,"column":null}},"25":{"start":{"line":84,"column":25},"end":{"line":84,"column":null}},"26":{"start":{"line":85,"column":22},"end":{"line":85,"column":null}},"27":{"start":{"line":86,"column":23},"end":{"line":86,"column":null}},"28":{"start":{"line":87,"column":24},"end":{"line":87,"column":null}},"29":{"start":{"line":88,"column":26},"end":{"line":88,"column":null}},"30":{"start":{"line":91,"column":4},"end":{"line":93,"column":null}},"31":{"start":{"line":92,"column":6},"end":{"line":92,"column":null}},"32":{"start":{"line":96,"column":4},"end":{"line":101,"column":null}},"33":{"start":{"line":97,"column":25},"end":{"line":97,"column":null}},"34":{"start":{"line":98,"column":6},"end":{"line":100,"column":null}},"35":{"start":{"line":99,"column":8},"end":{"line":99,"column":null}},"36":{"start":{"line":103,"column":4},"end":{"line":103,"column":null}},"37":{"start":{"line":106,"column":2},"end":{"line":106,"column":null}},"38":{"start":{"line":113,"column":2},"end":{"line":117,"column":null}},"39":{"start":{"line":126,"column":15},"end":{"line":126,"column":null}},"40":{"start":{"line":127,"column":15},"end":{"line":127,"column":null}},"41":{"start":{"line":129,"column":2},"end":{"line":129,"column":null}},"42":{"start":{"line":129,"column":25},"end":{"line":129,"column":null}},"43":{"start":{"line":130,"column":2},"end":{"line":130,"column":null}},"44":{"start":{"line":130,"column":29},"end":{"line":130,"column":null}},"45":{"start":{"line":131,"column":2},"end":{"line":131,"column":null}},"46":{"start":{"line":131,"column":24},"end":{"line":131,"column":null}},"47":{"start":{"line":132,"column":2},"end":{"line":132,"column":null}},"48":{"start":{"line":132,"column":29},"end":{"line":132,"column":null}},"49":{"start":{"line":134,"column":2},"end":{"line":134,"column":null}}},"fnMap":{"0":{"name":"formatHeadingHierarchy","decl":{"start":{"line":26,"column":16},"end":{"line":26,"column":39}},"loc":{"start":{"line":26,"column":61},"end":{"line":51,"column":null}},"line":26},"1":{"name":"(anonymous_1)","decl":{"start":{"line":28,"column":29},"end":{"line":28,"column":35}},"loc":{"start":{"line":28,"column":41},"end":{"line":28,"column":95}},"line":28},"2":{"name":"(anonymous_2)","decl":{"start":{"line":45,"column":17},"end":{"line":45,"column":22}},"loc":{"start":{"line":46,"column":6},"end":{"line":46,"column":null}},"line":46},"3":{"name":"formatListMarkers","decl":{"start":{"line":59,"column":16},"end":{"line":59,"column":34}},"loc":{"start":{"line":59,"column":56},"end":{"line":70,"column":null}},"line":59},"4":{"name":"(anonymous_4)","decl":{"start":{"line":62,"column":5},"end":{"line":62,"column":10}},"loc":{"start":{"line":62,"column":19},"end":{"line":68,"column":5}},"line":62},"5":{"name":"(anonymous_5)","decl":{"start":{"line":65,"column":28},"end":{"line":65,"column":42}},"loc":{"start":{"line":65,"column":48},"end":{"line":65,"column":68}},"line":65},"6":{"name":"formatBlankLineSpacing","decl":{"start":{"line":78,"column":16},"end":{"line":78,"column":39}},"loc":{"start":{"line":78,"column":61},"end":{"line":107,"column":null}},"line":78},"7":{"name":"escapeHtmlEntities","decl":{"start":{"line":112,"column":16},"end":{"line":112,"column":35}},"loc":{"start":{"line":112,"column":57},"end":{"line":118,"column":null}},"line":112},"8":{"name":"phase3Format","decl":{"start":{"line":125,"column":16},"end":{"line":125,"column":29}},"loc":{"start":{"line":125,"column":76},"end":{"line":135,"column":null}},"line":125}},"branchMap":{"0":{"loc":{"start":{"line":28,"column":41},"end":{"line":28,"column":95}},"type":"binary-expr","locations":[{"start":{"line":28,"column":41},"end":{"line":28,"column":59}},{"start":{"line":28,"column":59},"end":{"line":28,"column":95}}],"line":28},"1":{"loc":{"start":{"line":39,"column":4},"end":{"line":39,"column":null}},"type":"if","locations":[{"start":{"line":39,"column":4},"end":{"line":39,"column":null}},{"start":{},"end":{}}],"line":39},"2":{"loc":{"start":{"line":40,"column":4},"end":{"line":40,"column":null}},"type":"if","locations":[{"start":{"line":40,"column":4},"end":{"line":40,"column":null}},{"start":{},"end":{}}],"line":40},"3":{"loc":{"start":{"line":44,"column":2},"end":{"line":48,"column":null}},"type":"if","locations":[{"start":{"line":44,"column":2},"end":{"line":48,"column":null}},{"start":{},"end":{}}],"line":44},"4":{"loc":{"start":{"line":44,"column":6},"end":{"line":44,"column":23}},"type":"binary-expr","locations":[{"start":{"line":44,"column":6},"end":{"line":44,"column":15}},{"start":{"line":44,"column":15},"end":{"line":44,"column":23}}],"line":44},"5":{"loc":{"start":{"line":46,"column":6},"end":{"line":46,"column":null}},"type":"cond-expr","locations":[{"start":{"line":46,"column":25},"end":{"line":46,"column":51}},{"start":{"line":46,"column":51},"end":{"line":46,"column":null}}],"line":46},"6":{"loc":{"start":{"line":64,"column":6},"end":{"line":66,"column":null}},"type":"if","locations":[{"start":{"line":64,"column":6},"end":{"line":66,"column":null}},{"start":{},"end":{}}],"line":64},"7":{"loc":{"start":{"line":64,"column":10},"end":{"line":64,"column":63}},"type":"binary-expr","locations":[{"start":{"line":64,"column":10},"end":{"line":64,"column":36}},{"start":{"line":64,"column":36},"end":{"line":64,"column":63}}],"line":64},"8":{"loc":{"start":{"line":84,"column":25},"end":{"line":84,"column":null}},"type":"binary-expr","locations":[{"start":{"line":84,"column":25},"end":{"line":84,"column":34}},{"start":{"line":84,"column":34},"end":{"line":84,"column":null}}],"line":84},"9":{"loc":{"start":{"line":86,"column":23},"end":{"line":86,"column":null}},"type":"binary-expr","locations":[{"start":{"line":86,"column":23},"end":{"line":86,"column":56}},{"start":{"line":86,"column":56},"end":{"line":86,"column":null}}],"line":86},"10":{"loc":{"start":{"line":87,"column":24},"end":{"line":87,"column":null}},"type":"binary-expr","locations":[{"start":{"line":87,"column":24},"end":{"line":87,"column":33}},{"start":{"line":87,"column":33},"end":{"line":87,"column":null}}],"line":87},"11":{"loc":{"start":{"line":88,"column":26},"end":{"line":88,"column":null}},"type":"binary-expr","locations":[{"start":{"line":88,"column":26},"end":{"line":88,"column":35}},{"start":{"line":88,"column":35},"end":{"line":88,"column":null}}],"line":88},"12":{"loc":{"start":{"line":91,"column":4},"end":{"line":93,"column":null}},"type":"if","locations":[{"start":{"line":91,"column":4},"end":{"line":93,"column":null}},{"start":{},"end":{}}],"line":91},"13":{"loc":{"start":{"line":91,"column":8},"end":{"line":91,"column":69}},"type":"binary-expr","locations":[{"start":{"line":91,"column":8},"end":{"line":91,"column":21}},{"start":{"line":91,"column":21},"end":{"line":91,"column":37}},{"start":{"line":91,"column":37},"end":{"line":91,"column":53}},{"start":{"line":91,"column":53},"end":{"line":91,"column":69}}],"line":91},"14":{"loc":{"start":{"line":96,"column":4},"end":{"line":101,"column":null}},"type":"if","locations":[{"start":{"line":96,"column":4},"end":{"line":101,"column":null}},{"start":{},"end":{}}],"line":96},"15":{"loc":{"start":{"line":96,"column":8},"end":{"line":96,"column":52}},"type":"binary-expr","locations":[{"start":{"line":96,"column":8},"end":{"line":96,"column":22}},{"start":{"line":96,"column":22},"end":{"line":96,"column":38}},{"start":{"line":96,"column":38},"end":{"line":96,"column":52}}],"line":96},"16":{"loc":{"start":{"line":97,"column":25},"end":{"line":97,"column":null}},"type":"binary-expr","locations":[{"start":{"line":97,"column":25},"end":{"line":97,"column":66}},{"start":{"line":97,"column":66},"end":{"line":97,"column":null}}],"line":97},"17":{"loc":{"start":{"line":98,"column":6},"end":{"line":100,"column":null}},"type":"if","locations":[{"start":{"line":98,"column":6},"end":{"line":100,"column":null}},{"start":{},"end":{}}],"line":98},"18":{"loc":{"start":{"line":98,"column":10},"end":{"line":98,"column":41}},"type":"binary-expr","locations":[{"start":{"line":98,"column":10},"end":{"line":98,"column":25}},{"start":{"line":98,"column":25},"end":{"line":98,"column":41}}],"line":98},"19":{"loc":{"start":{"line":129,"column":2},"end":{"line":129,"column":null}},"type":"if","locations":[{"start":{"line":129,"column":2},"end":{"line":129,"column":null}},{"start":{},"end":{}}],"line":129},"20":{"loc":{"start":{"line":130,"column":2},"end":{"line":130,"column":null}},"type":"if","locations":[{"start":{"line":130,"column":2},"end":{"line":130,"column":null}},{"start":{},"end":{}}],"line":130},"21":{"loc":{"start":{"line":131,"column":2},"end":{"line":131,"column":null}},"type":"if","locations":[{"start":{"line":131,"column":2},"end":{"line":131,"column":null}},{"start":{},"end":{}}],"line":131},"22":{"loc":{"start":{"line":132,"column":2},"end":{"line":132,"column":null}},"type":"if","locations":[{"start":{"line":132,"column":2},"end":{"line":132,"column":null}},{"start":{},"end":{}}],"line":132}},"s":{"0":2,"1":17,"2":17,"3":193,"4":17,"5":17,"6":17,"7":221,"8":33,"9":221,"10":28,"11":17,"12":4,"13":42,"14":13,"15":17,"16":218,"17":3,"18":3,"19":215,"20":19,"21":19,"22":19,"23":19,"24":224,"25":224,"26":224,"27":224,"28":224,"29":224,"30":224,"31":3,"32":224,"33":13,"34":13,"35":3,"36":224,"37":19,"38":19,"39":14,"40":14,"41":14,"42":13,"43":14,"44":13,"45":14,"46":13,"47":14,"48":13,"49":14},"f":{"0":17,"1":193,"2":42,"3":17,"4":218,"5":3,"6":19,"7":19,"8":14},"b":{"0":[193,193],"1":[33,188],"2":[28,193],"3":[4,13],"4":[17,10],"5":[7,35],"6":[3,215],"7":[218,3],"8":[224,205],"9":[224,207],"10":[224,205],"11":[224,205],"12":[3,221],"13":[224,61,20,20],"14":[13,211],"15":[224,18,13],"16":[13,3],"17":[3,10],"18":[13,3],"19":[13,1],"20":[13,1],"21":[13,1],"22":[13,1]},"meta":{"lastBranch":23,"lastFunction":9,"lastStatement":50,"seen":{"s:13:56:18:Infinity":0,"f:26:16:26:39":0,"s:27:16:27:Infinity":1,"s:28:23:28:Infinity":2,"f:28:29:28:35":1,"s:28:41:28:95":3,"b:28:41:28:59:28:59:28:95":0,"s:35:14:35:Infinity":4,"s:36:14:36:Infinity":5,"s:38:2:41:Infinity":6,"b:39:4:39:Infinity:undefined:undefined:undefined:undefined":1,"s:39:4:39:Infinity":7,"s:39:28:39:Infinity":8,"b:40:4:40:Infinity:undefined:undefined:undefined:undefined":2,"s:40:4:40:Infinity":9,"s:40:29:40:Infinity":10,"b:44:2:48:Infinity:undefined:undefined:undefined:undefined":3,"s:44:2:48:Infinity":11,"b:44:6:44:15:44:15:44:23":4,"s:45:4:47:Infinity":12,"f:45:17:45:22":2,"s:46:6:46:Infinity":13,"b:46:25:46:51:46:51:46:Infinity":5,"s:50:2:50:Infinity":14,"f:59:16:59:34":3,"s:60:2:69:Infinity":15,"f:62:5:62:10":4,"b:64:6:66:Infinity:undefined:undefined:undefined:undefined":6,"s:64:6:66:Infinity":16,"b:64:10:64:36:64:36:64:63":7,"s:65:8:65:Infinity":17,"f:65:28:65:42":5,"s:65:48:65:68":18,"s:67:6:67:Infinity":19,"f:78:16:78:39":6,"s:79:16:79:Infinity":20,"s:80:27:80:Infinity":21,"s:82:2:104:Infinity":22,"s:82:15:82:18":23,"s:83:17:83:Infinity":24,"s:84:25:84:Infinity":25,"b:84:25:84:34:84:34:84:Infinity":8,"s:85:22:85:Infinity":26,"s:86:23:86:Infinity":27,"b:86:23:86:56:86:56:86:Infinity":9,"s:87:24:87:Infinity":28,"b:87:24:87:33:87:33:87:Infinity":10,"s:88:26:88:Infinity":29,"b:88:26:88:35:88:35:88:Infinity":11,"b:91:4:93:Infinity:undefined:undefined:undefined:undefined":12,"s:91:4:93:Infinity":30,"b:91:8:91:21:91:21:91:37:91:37:91:53:91:53:91:69":13,"s:92:6:92:Infinity":31,"b:96:4:101:Infinity:undefined:undefined:undefined:undefined":14,"s:96:4:101:Infinity":32,"b:96:8:96:22:96:22:96:38:96:38:96:52":15,"s:97:25:97:Infinity":33,"b:97:25:97:66:97:66:97:Infinity":16,"b:98:6:100:Infinity:undefined:undefined:undefined:undefined":17,"s:98:6:100:Infinity":34,"b:98:10:98:25:98:25:98:41":18,"s:99:8:99:Infinity":35,"s:103:4:103:Infinity":36,"s:106:2:106:Infinity":37,"f:112:16:112:35":7,"s:113:2:117:Infinity":38,"f:125:16:125:29":8,"s:126:15:126:Infinity":39,"s:127:15:127:Infinity":40,"b:129:2:129:Infinity:undefined:undefined:undefined:undefined":19,"s:129:2:129:Infinity":41,"s:129:25:129:Infinity":42,"b:130:2:130:Infinity:undefined:undefined:undefined:undefined":20,"s:130:2:130:Infinity":43,"s:130:29:130:Infinity":44,"b:131:2:131:Infinity:undefined:undefined:undefined:undefined":21,"s:131:2:131:Infinity":45,"s:131:24:131:Infinity":46,"b:132:2:132:Infinity:undefined:undefined:undefined:undefined":22,"s:132:2:132:Infinity":47,"s:132:29:132:Infinity":48,"s:134:2:134:Infinity":49},"fnNames":{}}}
,"D:\\PhapChe\\src\\lib\\document\\normalizer\\pipeline.ts": {"path":"D:\\PhapChe\\src\\lib\\document\\normalizer\\pipeline.ts","statementMap":{"0":{"start":{"line":23,"column":2},"end":{"line":23,"column":null}},"1":{"start":{"line":30,"column":2},"end":{"line":30,"column":null}},"2":{"start":{"line":48,"column":15},"end":{"line":48,"column":null}},"3":{"start":{"line":49,"column":24},"end":{"line":49,"column":null}},"4":{"start":{"line":52,"column":2},"end":{"line":58,"column":null}},"5":{"start":{"line":53,"column":4},"end":{"line":57,"column":null}},"6":{"start":{"line":61,"column":15},"end":{"line":61,"column":null}},"7":{"start":{"line":62,"column":17},"end":{"line":62,"column":null}},"8":{"start":{"line":63,"column":2},"end":{"line":73,"column":null}},"9":{"start":{"line":64,"column":4},"end":{"line":72,"column":null}},"10":{"start":{"line":76,"column":44},"end":{"line":76,"column":null}},"11":{"start":{"line":79,"column":15},"end":{"line":88,"column":null}},"12":{"start":{"line":91,"column":27},"end":{"line":91,"column":null}},"13":{"start":{"line":92,"column":27},"end":{"line":92,"column":null}},"14":{"start":{"line":93,"column":33},"end":{"line":93,"column":null}},"15":{"start":{"line":95,"column":2},"end":{"line":106,"column":null}},"16":{"start":{"line":96,"column":10},"end":{"line":102,"column":null}},"17":{"start":{"line":103,"column":4},"end":{"line":103,"column":null}},"18":{"start":{"line":104,"column":4},"end":{"line":104,"column":null}},"19":{"start":{"line":105,"column":4},"end":{"line":105,"column":null}},"20":{"start":{"line":109,"column":2},"end":{"line":116,"column":null}},"21":{"start":{"line":110,"column":4},"end":{"line":115,"column":null}},"22":{"start":{"line":119,"column":17},"end":{"line":119,"column":null}},"23":{"start":{"line":120,"column":2},"end":{"line":123,"column":null}},"24":{"start":{"line":121,"column":4},"end":{"line":121,"column":null}},"25":{"start":{"line":122,"column":4},"end":{"line":122,"column":null}},"26":{"start":{"line":126,"column":2},"end":{"line":128,"column":null}},"27":{"start":{"line":127,"column":4},"end":{"line":127,"column":null}},"28":{"start":{"line":130,"column":26},"end":{"line":130,"column":null}},"29":{"start":{"line":133,"column":2},"end":{"line":133,"column":null}},"30":{"start":{"line":135,"column":2},"end":{"line":143,"column":null}}},"fnMap":{"0":{"name":"sha256","decl":{"start":{"line":22,"column":9},"end":{"line":22,"column":16}},"loc":{"start":{"line":22,"column":38},"end":{"line":24,"column":null}},"line":22},"1":{"name":"estimateTokens","decl":{"start":{"line":29,"column":9},"end":{"line":29,"column":24}},"loc":{"start":{"line":29,"column":51},"end":{"line":31,"column":null}},"line":29},"2":{"name":"normalizeMarkdown","decl":{"start":{"line":44,"column":16},"end":{"line":44,"column":null}},"loc":{"start":{"line":47,"column":19},"end":{"line":144,"column":null}},"line":47}},"branchMap":{"0":{"loc":{"start":{"line":52,"column":2},"end":{"line":58,"column":null}},"type":"if","locations":[{"start":{"line":52,"column":2},"end":{"line":58,"column":null}},{"start":{},"end":{}}],"line":52},"1":{"loc":{"start":{"line":52,"column":6},"end":{"line":52,"column":39}},"type":"binary-expr","locations":[{"start":{"line":52,"column":6},"end":{"line":52,"column":14}},{"start":{"line":52,"column":14},"end":{"line":52,"column":39}}],"line":52},"2":{"loc":{"start":{"line":63,"column":2},"end":{"line":73,"column":null}},"type":"if","locations":[{"start":{"line":63,"column":2},"end":{"line":73,"column":null}},{"start":{},"end":{}}],"line":63},"3":{"loc":{"start":{"line":76,"column":52},"end":{"line":76,"column":89}},"type":"binary-expr","locations":[{"start":{"line":76,"column":52},"end":{"line":76,"column":67}},{"start":{"line":76,"column":67},"end":{"line":76,"column":89}}],"line":76},"4":{"loc":{"start":{"line":79,"column":15},"end":{"line":88,"column":null}},"type":"cond-expr","locations":[{"start":{"line":79,"column":39},"end":{"line":87,"column":null}},{"start":{"line":88,"column":6},"end":{"line":88,"column":null}}],"line":79},"5":{"loc":{"start":{"line":95,"column":2},"end":{"line":106,"column":null}},"type":"if","locations":[{"start":{"line":95,"column":2},"end":{"line":106,"column":null}},{"start":{},"end":{}}],"line":95},"6":{"loc":{"start":{"line":109,"column":2},"end":{"line":116,"column":null}},"type":"if","locations":[{"start":{"line":109,"column":2},"end":{"line":116,"column":null}},{"start":{},"end":{}}],"line":109},"7":{"loc":{"start":{"line":119,"column":17},"end":{"line":119,"column":null}},"type":"cond-expr","locations":[{"start":{"line":119,"column":56},"end":{"line":119,"column":73}},{"start":{"line":119,"column":73},"end":{"line":119,"column":null}}],"line":119},"8":{"loc":{"start":{"line":119,"column":17},"end":{"line":119,"column":56}},"type":"binary-expr","locations":[{"start":{"line":119,"column":17},"end":{"line":119,"column":35}},{"start":{"line":119,"column":35},"end":{"line":119,"column":56}}],"line":119},"9":{"loc":{"start":{"line":120,"column":2},"end":{"line":123,"column":null}},"type":"if","locations":[{"start":{"line":120,"column":2},"end":{"line":123,"column":null}},{"start":{},"end":{}}],"line":120},"10":{"loc":{"start":{"line":126,"column":2},"end":{"line":128,"column":null}},"type":"if","locations":[{"start":{"line":126,"column":2},"end":{"line":128,"column":null}},{"start":{},"end":{}}],"line":126},"11":{"loc":{"start":{"line":126,"column":6},"end":{"line":126,"column":40}},"type":"binary-expr","locations":[{"start":{"line":126,"column":6},"end":{"line":126,"column":16}},{"start":{"line":126,"column":16},"end":{"line":126,"column":40}}],"line":126}},"s":{"0":14,"1":14,"2":16,"3":16,"4":16,"5":2,"6":14,"7":14,"8":14,"9":1,"10":13,"11":16,"12":16,"13":16,"14":16,"15":16,"16":11,"17":11,"18":11,"19":11,"20":13,"21":11,"22":13,"23":16,"24":1,"25":1,"26":13,"27":2,"28":13,"29":13,"30":13},"f":{"0":14,"1":14,"2":16},"b":{"0":[2,14],"1":[16,15],"2":[1,13],"3":[13,0],"4":[12,1],"5":[11,5],"6":[11,2],"7":[1,12],"8":[13,1],"9":[1,15],"10":[2,11],"11":[13,13]},"meta":{"lastBranch":12,"lastFunction":3,"lastStatement":31,"seen":{"f:22:9:22:16":0,"s:23:2:23:Infinity":0,"f:29:9:29:24":1,"s:30:2:30:Infinity":1,"f:44:16:44:Infinity":2,"s:48:15:48:Infinity":2,"s:49:24:49:Infinity":3,"b:52:2:58:Infinity:undefined:undefined:undefined:undefined":0,"s:52:2:58:Infinity":4,"b:52:6:52:14:52:14:52:39":1,"s:53:4:57:Infinity":5,"s:61:15:61:Infinity":6,"s:62:17:62:Infinity":7,"b:63:2:73:Infinity:undefined:undefined:undefined:undefined":2,"s:63:2:73:Infinity":8,"s:64:4:72:Infinity":9,"s:76:44:76:Infinity":10,"b:76:52:76:67:76:67:76:89":3,"s:79:15:88:Infinity":11,"b:79:39:87:Infinity:88:6:88:Infinity":4,"s:91:27:91:Infinity":12,"s:92:27:92:Infinity":13,"s:93:33:93:Infinity":14,"b:95:2:106:Infinity:undefined:undefined:undefined:undefined":5,"s:95:2:106:Infinity":15,"s:96:10:102:Infinity":16,"s:103:4:103:Infinity":17,"s:104:4:104:Infinity":18,"s:105:4:105:Infinity":19,"b:109:2:116:Infinity:undefined:undefined:undefined:undefined":6,"s:109:2:116:Infinity":20,"s:110:4:115:Infinity":21,"s:119:17:119:Infinity":22,"b:119:56:119:73:119:73:119:Infinity":7,"b:119:17:119:35:119:35:119:56":8,"b:120:2:123:Infinity:undefined:undefined:undefined:undefined":9,"s:120:2:123:Infinity":23,"s:121:4:121:Infinity":24,"s:122:4:122:Infinity":25,"b:126:2:128:Infinity:undefined:undefined:undefined:undefined":10,"s:126:2:128:Infinity":26,"b:126:6:126:16:126:16:126:40":11,"s:127:4:127:Infinity":27,"s:130:26:130:Infinity":28,"s:133:2:133:Infinity":29,"s:135:2:143:Infinity":30},"fnNames":{}}}
}
